<?xml version="1.0" encoding="UTF-8"?>
<!-- Generated by org.testng.reporters.JUnitXMLReporter -->
<testsuite hostname="D1ML14617" ignored="1" name="Command line test" tests="1" failures="0" timestamp="29 Sep 2018 08:35:02 GMT" time="17.361" errors="0">
  <testcase name="loginToSF" time="10.145" classname="com.my.automation.ui.SFLoginTest"/>
  <testcase name="@BeforeSuite beforeSuite" time="0.0" classname="com.my.automation.ui.UIBaseTest">
    <ignored/>
  </testcase> <!-- @BeforeSuite beforeSuite -->
</testsuite> <!-- Command line test -->
