<?xml version="1.0" encoding="UTF-8"?>
<!-- Generated by org.testng.reporters.JUnitXMLReporter -->
<testsuite hostname="D1ML14617" ignored="2" name="Command line test" tests="1" failures="0" timestamp="29 Sep 2018 08:34:42 GMT" time="4.305" errors="0">
  <testcase name="verifyPlayerNotes" time="2.023" classname="com.my.automation.Post_Player_NotesTest"/>
  <testcase name="@BeforeSuite beforeSuite" time="0.0" classname="com.my.automation.APIBaseTest">
    <ignored/>
  </testcase> <!-- @BeforeSuite beforeSuite -->
  <testcase name="@BeforeTest beforeTest" time="0.0" classname="com.my.automation.base.test.BaseAPITest">
    <ignored/>
  </testcase> <!-- @BeforeTest beforeTest -->
</testsuite> <!-- Command line test -->
