<?xml version="1.0" encoding="UTF-8"?>
<testng-results skipped="0" failed="0" ignored="1" total="2" passed="1">
  <reporter-output>
  </reporter-output>
  <suite name="Command line suite" duration-ms="17361" started-at="2018-09-29T08:34:44Z" finished-at="2018-09-29T08:35:02Z">
    <groups>
    </groups>
    <test name="Command line test" duration-ms="17361" started-at="2018-09-29T08:34:44Z" finished-at="2018-09-29T08:35:02Z">
      <class name="com.my.automation.ui.SFLoginTest">
        <test-method status="PASS" signature="beforeSuite(org.testng.ITestContext)[pri:0, instance:com.my.automation.ui.SFLoginTest@67b6d4ae]" name="beforeSuite" is-config="true" duration-ms="76" started-at="2018-09-29T08:34:44Z" finished-at="2018-09-29T08:34:44Z">
          <params>
            <param index="0">
              <value>
                <![CDATA[org.testng.TestRunner@7642df8f]]>
              </value>
            </param>
          </params>
          <reporter-output>
          </reporter-output>
        </test-method> <!-- beforeSuite -->
        <test-method status="PASS" signature="beforeClass(java.lang.String)[pri:0, instance:com.my.automation.ui.SFLoginTest@67b6d4ae]" name="beforeClass" is-config="true" duration-ms="6195" started-at="2018-09-29T08:34:44Z" finished-at="2018-09-29T08:34:50Z">
          <params>
            <param index="0">
              <value>
                <![CDATA[Chrome]]>
              </value>
            </param>
          </params>
          <reporter-output>
          </reporter-output>
        </test-method> <!-- beforeClass -->
        <test-method status="PASS" signature="beforeClass()[pri:0, instance:com.my.automation.ui.SFLoginTest@67b6d4ae]" name="beforeClass" is-config="true" duration-ms="95" started-at="2018-09-29T08:34:50Z" finished-at="2018-09-29T08:34:50Z">
          <reporter-output>
          </reporter-output>
        </test-method> <!-- beforeClass -->
        <test-method status="PASS" signature="beforeClass(org.testng.ITestContext)[pri:0, instance:com.my.automation.ui.SFLoginTest@67b6d4ae]" name="beforeClass" is-config="true" duration-ms="0" started-at="2018-09-29T08:34:50Z" finished-at="2018-09-29T08:34:50Z">
          <params>
            <param index="0">
              <value>
                <![CDATA[org.testng.TestRunner@7642df8f]]>
              </value>
            </param>
          </params>
          <reporter-output>
          </reporter-output>
        </test-method> <!-- beforeClass -->
        <test-method status="PASS" signature="loginToSF(org.testng.ITestContext)[pri:0, instance:com.my.automation.ui.SFLoginTest@67b6d4ae]" name="loginToSF" duration-ms="10145" started-at="2018-09-29T08:34:50Z" finished-at="2018-09-29T08:35:01Z">
          <params>
            <param index="0">
              <value>
                <![CDATA[org.testng.TestRunner@7642df8f]]>
              </value>
            </param>
          </params>
          <reporter-output>
          </reporter-output>
        </test-method> <!-- loginToSF -->
        <test-method status="PASS" signature="afterClass()[pri:0, instance:com.my.automation.ui.SFLoginTest@67b6d4ae]" name="afterClass" is-config="true" duration-ms="899" started-at="2018-09-29T08:35:01Z" finished-at="2018-09-29T08:35:01Z">
          <reporter-output>
          </reporter-output>
        </test-method> <!-- afterClass -->
      </class> <!-- com.my.automation.ui.SFLoginTest -->
    </test> <!-- Command line test -->
  </suite> <!-- Command line suite -->
</testng-results>
